<?xml version="1.0" encoding="UTF-8"?>
<robot generator="Robot 3.2.1 (Python 3.8.3 on win32)" generated="20200820 19:21:28.734" rpa="false">
<suite id="s1" name="Auto Alfresco" source="C:\Users\Asus\eclipse-workspace\Auto_Alfresco">
<suite id="s1-s1" name="5 Cas ALF" source="C:\Users\Asus\eclipse-workspace\Auto_Alfresco\5 Cas ALF">
<suite id="s1-s1-s1" name="RobotSuitAlfresco" source="C:\Users\Asus\eclipse-workspace\Auto_Alfresco\5 Cas ALF\RobotSuitAlfresco.robot">
<test id="s1-s1-s1-t1" name="CT5 Suppression Site">
<kw name="Connection">
<kw name="Open Browser" library="SeleniumLibrary">
<doc>Opens a new browser instance to the optional ``url``.</doc>
<arguments>
<arg>${Browswe}</arg>
<arg>gc</arg>
</arguments>
<msg timestamp="20200820 19:21:29.334" level="INFO">Opening browser 'gc' to base url 'http://localhost:7070/share/page/context/mine/myfiles'.</msg>
<status status="PASS" starttime="20200820 19:21:29.333" endtime="20200820 19:22:13.301"></status>
</kw>
<kw name="Maximize Browser Window" library="SeleniumLibrary">
<doc>Maximizes current browser window.</doc>
<status status="PASS" starttime="20200820 19:22:13.301" endtime="20200820 19:22:15.481"></status>
</kw>
<kw name="Set Browser Implicit Wait" library="SeleniumLibrary">
<doc>Sets the implicit wait value used by Selenium.</doc>
<arguments>
<arg>2s</arg>
</arguments>
<status status="PASS" starttime="20200820 19:22:15.482" endtime="20200820 19:22:15.485"></status>
</kw>
<status status="PASS" starttime="20200820 19:21:29.332" endtime="20200820 19:22:15.485"></status>
</kw>
<kw name="LoginKey">
<kw name="Input Text" library="SeleniumLibrary">
<doc>Types the given ``text`` into the text field identified by ``locator``.</doc>
<arguments>
<arg>name=username</arg>
<arg>6156613</arg>
</arguments>
<msg timestamp="20200820 19:22:15.487" level="INFO">Typing text '6156613' into text field 'name=username'.</msg>
<status status="PASS" starttime="20200820 19:22:15.487" endtime="20200820 19:22:15.693"></status>
</kw>
<kw name="Input Password" library="SeleniumLibrary">
<doc>Types the given password into the text field identified by ``locator``.</doc>
<arguments>
<arg>name=password</arg>
<arg>alfresco</arg>
</arguments>
<msg timestamp="20200820 19:22:15.695" level="INFO">Typing password into text field 'name=password'.</msg>
<msg timestamp="20200820 19:22:15.798" level="INFO">Temporally setting log level to: NONE</msg>
<msg timestamp="20200820 19:22:15.902" level="INFO">Log level changed from NONE to INFO.</msg>
<status status="PASS" starttime="20200820 19:22:15.694" endtime="20200820 19:22:15.903"></status>
</kw>
<kw name="Click Button" library="SeleniumLibrary">
<doc>Clicks the button identified by ``locator``.</doc>
<arguments>
<arg>xpath=//button[contains(text(),'Connexion')]</arg>
</arguments>
<msg timestamp="20200820 19:22:15.904" level="INFO">Clicking button 'xpath=//button[contains(text(),'Connexion')]'.</msg>
<status status="PASS" starttime="20200820 19:22:15.903" endtime="20200820 19:22:21.264"></status>
</kw>
<status status="PASS" starttime="20200820 19:22:15.486" endtime="20200820 19:22:21.265"></status>
</kw>
<kw name="Wait Until Element Is Visible" library="SeleniumLibrary">
<doc>Waits until the element ``locator`` is visible.</doc>
<arguments>
<arg>id=HEADER_SITES_MENU_text</arg>
<arg>10</arg>
</arguments>
<status status="PASS" starttime="20200820 19:22:21.267" endtime="20200820 19:22:21.311"></status>
</kw>
<kw name="Click Element" library="SeleniumLibrary">
<doc>Click the element identified by ``locator``.</doc>
<arguments>
<arg>id=HEADER_SITES_MENU_text</arg>
</arguments>
<msg timestamp="20200820 19:22:21.312" level="INFO">Clicking element 'id=HEADER_SITES_MENU_text'.</msg>
<status status="PASS" starttime="20200820 19:22:21.312" endtime="20200820 19:22:21.383"></status>
</kw>
<kw name="Wait Until Element Is Visible" library="SeleniumLibrary">
<doc>Waits until the element ``locator`` is visible.</doc>
<arguments>
<arg>id=HEADER_SITES_MENU_CREATE_SITE_text</arg>
</arguments>
<status status="PASS" starttime="20200820 19:22:21.384" endtime="20200820 19:22:21.575"></status>
</kw>
<kw name="Click Element" library="SeleniumLibrary">
<doc>Click the element identified by ``locator``.</doc>
<arguments>
<arg>id=HEADER_SITES_MENU_CREATE_SITE_text</arg>
</arguments>
<msg timestamp="20200820 19:22:21.576" level="INFO">Clicking element 'id=HEADER_SITES_MENU_CREATE_SITE_text'.</msg>
<status status="PASS" starttime="20200820 19:22:21.575" endtime="20200820 19:22:21.634"></status>
</kw>
<kw name="Wait Until Element Is Visible" library="SeleniumLibrary">
<doc>Waits until the element ``locator`` is visible.</doc>
<arguments>
<arg>id=CREATE_SITE_DIALOG_title</arg>
<arg>10</arg>
</arguments>
<status status="PASS" starttime="20200820 19:22:21.635" endtime="20200820 19:22:21.783"></status>
</kw>
<kw name="Input Text" library="SeleniumLibrary">
<doc>Types the given ``text`` into the text field identified by ``locator``.</doc>
<arguments>
<arg>xpath=//input[contains(@name,'title')]</arg>
<arg>CT100site</arg>
</arguments>
<msg timestamp="20200820 19:22:21.784" level="INFO">Typing text 'CT100site' into text field 'xpath=//input[contains(@name,'title')]'.</msg>
<status status="PASS" starttime="20200820 19:22:21.783" endtime="20200820 19:22:22.013"></status>
</kw>
<kw name="Wait Until Element Is Visible" library="SeleniumLibrary">
<doc>Waits until the element ``locator`` is visible.</doc>
<arguments>
<arg>id=CREATE_SITE_DIALOG_OK_label</arg>
</arguments>
<status status="PASS" starttime="20200820 19:22:22.014" endtime="20200820 19:22:22.043"></status>
</kw>
<kw name="Sleep" library="BuiltIn">
<doc>Pauses the test executed for the given time.</doc>
<arguments>
<arg>15</arg>
</arguments>
<msg timestamp="20200820 19:22:37.056" level="INFO">Slept 15 seconds</msg>
<status status="PASS" starttime="20200820 19:22:22.043" endtime="20200820 19:22:37.056"></status>
</kw>
<kw name="Click Element" library="SeleniumLibrary">
<doc>Click the element identified by ``locator``.</doc>
<arguments>
<arg>id=CREATE_SITE_DIALOG_OK_label</arg>
</arguments>
<msg timestamp="20200820 19:22:37.058" level="INFO">Clicking element 'id=CREATE_SITE_DIALOG_OK_label'.</msg>
<status status="PASS" starttime="20200820 19:22:37.057" endtime="20200820 19:22:37.115"></status>
</kw>
<kw name="Wait Until Element Is Not Visible" library="SeleniumLibrary">
<doc>Waits until the element ``locator`` is not visible.</doc>
<arguments>
<arg>id=CREATE_SITE_DIALOG_title</arg>
<arg>60</arg>
</arguments>
<kw name="Capture Page Screenshot" library="SeleniumLibrary">
<doc>Takes a screenshot of the current page and embeds it into a log file.</doc>
<msg timestamp="20200820 19:23:37.472" level="INFO" html="yes">&lt;/td&gt;&lt;/tr&gt;&lt;tr&gt;&lt;td colspan="3"&gt;&lt;a href="selenium-screenshot-15.png"&gt;&lt;img src="selenium-screenshot-15.png" width="800px"&gt;&lt;/a&gt;</msg>
<status status="PASS" starttime="20200820 19:23:37.120" endtime="20200820 19:23:37.473"></status>
</kw>
<msg timestamp="20200820 19:23:37.475" level="FAIL">Element 'id=CREATE_SITE_DIALOG_title' still visible after 1 minute.</msg>
<status status="FAIL" starttime="20200820 19:22:37.115" endtime="20200820 19:23:37.475"></status>
</kw>
<status status="FAIL" starttime="20200820 19:21:29.331" endtime="20200820 19:23:37.476" critical="yes">Element 'id=CREATE_SITE_DIALOG_title' still visible after 1 minute.</status>
</test>
<status status="FAIL" starttime="20200820 19:21:29.008" endtime="20200820 19:23:37.478"></status>
</suite>
<status status="FAIL" starttime="20200820 19:21:29.004" endtime="20200820 19:23:37.483"></status>
</suite>
<status status="FAIL" starttime="20200820 19:21:28.965" endtime="20200820 19:23:37.485"></status>
</suite>
<statistics>
<total>
<stat pass="0" fail="1">Critical Tests</stat>
<stat pass="0" fail="1">All Tests</stat>
</total>
<tag>
</tag>
<suite>
<stat pass="0" fail="1" id="s1" name="Auto Alfresco">Auto Alfresco</stat>
<stat pass="0" fail="1" id="s1-s1" name="5 Cas ALF">Auto Alfresco.5 Cas ALF</stat>
<stat pass="0" fail="1" id="s1-s1-s1" name="RobotSuitAlfresco">Auto Alfresco.5 Cas ALF.RobotSuitAlfresco</stat>
</suite>
</statistics>
<errors>
</errors>
</robot>
